<?xml version="1.0" encoding="UTF-8"?>
<testng-results ignored="0" total="1" passed="1" failed="0" skipped="0">
  <reporter-output>
  </reporter-output>
  <suite started-at="2023-09-26T00:18:37 AEST" name="Surefire suite" finished-at="2023-09-26T00:18:54 AEST" duration-ms="17559">
    <groups>
    </groups>
    <test started-at="2023-09-26T00:18:37 AEST" name="Surefire test" finished-at="2023-09-26T00:18:54 AEST" duration-ms="17559">
      <class name="com.swagatika.learning.seleniumtest.RegistrationPageTest">
        <test-method is-config="true" signature="beforeMethod()[pri:0, instance:com.swagatika.learning.seleniumtest.RegistrationPageTest@4f67eb2a]" started-at="2023-09-26T00:18:37 AEST" name="beforeMethod" finished-at="2023-09-26T00:18:38 AEST" duration-ms="1566" status="PASS">
          <reporter-output>
          </reporter-output>
        </test-method> <!-- beforeMethod -->
        <test-method signature="validateCartPageTest()[pri:0, instance:com.swagatika.learning.seleniumtest.RegistrationPageTest@4f67eb2a]" started-at="2023-09-26T00:18:38 AEST" name="validateCartPageTest" finished-at="2023-09-26T00:18:54 AEST" duration-ms="15771" status="PASS">
          <reporter-output>
          </reporter-output>
        </test-method> <!-- validateCartPageTest -->
        <test-method is-config="true" signature="afterMethod()[pri:0, instance:com.swagatika.learning.seleniumtest.RegistrationPageTest@4f67eb2a]" started-at="2023-09-26T00:18:54 AEST" name="afterMethod" finished-at="2023-09-26T00:18:54 AEST" duration-ms="193" status="PASS">
          <reporter-output>
          </reporter-output>
        </test-method> <!-- afterMethod -->
      </class> <!-- com.swagatika.learning.seleniumtest.RegistrationPageTest -->
    </test> <!-- Surefire test -->
  </suite> <!-- Surefire suite -->
</testng-results>
